<?xml version="1.0" encoding="UTF-8"?>
<!-- Generated by org.testng.reporters.JUnitXMLReporter -->
<testsuite ignored="0" hostname="AAPC-8N072F3" failures="0" tests="13" name="Sauce Demo Tests" time="49.086" errors="0" timestamp="17 Jul 2024 18:02:28 GMT">
  <testcase classname="com.sd.qa.testcases.ProductsPageTest" name="validateSauceLabsBackpackIsAvailable" time="0.068"/>
  <testcase classname="com.sd.qa.testcases.LoginPageTest" name="loginTest" time="0.37"/>
  <testcase classname="com.sd.qa.testcases.ProductsPageTest" name="addAnItemToShoppingCart" time="0.123"/>
  <testcase classname="com.sd.qa.testcases.ProductsPageTest" name="addMultipleItemsToShoppingCart" time="0.57"/>
  <testcase classname="com.sd.qa.testcases.ProductsPageTest" name="addToShoppingCartUsingDp_1" time="0.133"/>
  <testcase classname="com.sd.qa.testcases.ProductsPageTest" name="addToShoppingCartUsingDp_1" time="0.11"/>
  <testcase classname="com.sd.qa.testcases.ProductsPageTest" name="addToShoppingCartUsingDp_1" time="0.126"/>
  <testcase classname="com.sd.qa.testcases.ProductsPageTest" name="addToShoppingCartUsingDp_1" time="0.106"/>
  <testcase classname="com.sd.qa.testcases.ProductsPageTest" name="addToShoppingCartUsingDp_1" time="0.127"/>
  <testcase classname="com.sd.qa.testcases.ProductsPageTest" name="addToShoppingCartUsingDp_1" time="0.11"/>
  <testcase classname="com.sd.qa.testcases.ProductsPageTest" name="addToShoppingCartUsingDp_2" time="0.606"/>
  <testcase classname="com.sd.qa.testcases.ProductsPageTest" name="addToShoppingCartUsingDp_2" time="0.621"/>
  <testcase classname="com.sd.qa.testcases.ProductsPageTest" name="applySorting" time="0.276"/>
</testsuite> <!-- Sauce Demo Tests -->
