<?xml version="1.0" encoding="UTF-8"?>
<!-- Generated by org.testng.reporters.JUnitXMLReporter -->
<testsuite ignored="5" hostname="AAPC-8N072F3" failures="0" tests="1" name="Default test" time="3.154" errors="0" timestamp="17 Jul 2024 13:24:44 GMT">
  <testcase classname="com.sd.qa.testcases.ProductsPageTest" name="validateSauceLabsBackpackIsAvailable" time="0.041"/>
  <testcase classname="com.sd.qa.testcases.ProductsPageTest" name="addToShoppingCartUsingDp_1" time="0.0">
    <ignored/>
  </testcase> <!-- addToShoppingCartUsingDp_1 -->
  <testcase classname="com.sd.qa.testcases.ProductsPageTest" name="applySorting" time="0.0">
    <ignored/>
  </testcase> <!-- applySorting -->
  <testcase classname="com.sd.qa.testcases.ProductsPageTest" name="addAnItemToShoppingCart" time="0.0">
    <ignored/>
  </testcase> <!-- addAnItemToShoppingCart -->
  <testcase classname="com.sd.qa.testcases.ProductsPageTest" name="addToShoppingCartUsingDp_2" time="0.0">
    <ignored/>
  </testcase> <!-- addToShoppingCartUsingDp_2 -->
  <testcase classname="com.sd.qa.testcases.ProductsPageTest" name="addMultipleItemsToShoppingCart" time="0.0">
    <ignored/>
  </testcase> <!-- addMultipleItemsToShoppingCart -->
</testsuite> <!-- Default test -->
