<?xml version="1.0" encoding="UTF-8"?>
<testng-results ignored="0" total="13" passed="13" failed="0" skipped="0">
  <reporter-output>
  </reporter-output>
  <suite started-at="2024-07-17T17:59:34Z" name="Surefire suite" finished-at="2024-07-17T18:00:24Z" duration-ms="50006">
    <groups>
    </groups>
    <test started-at="2024-07-17T17:59:34Z" name="Surefire test" finished-at="2024-07-17T18:00:24Z" duration-ms="50006">
      <class name="com.sd.qa.testcases.ProductsPageTest">
        <test-method is-config="true" signature="setUp()[pri:0, instance:com.sd.qa.testcases.ProductsPageTest@615091b8]" started-at="2024-07-17T23:29:39Z" name="setUp" finished-at="2024-07-17T23:29:42Z" duration-ms="3239" status="PASS">
          <reporter-output>
          </reporter-output>
        </test-method> <!-- setUp -->
        <test-method signature="validateSauceLabsBackpackIsAvailable()[pri:1, instance:com.sd.qa.testcases.ProductsPageTest@615091b8]" started-at="2024-07-17T23:29:42Z" name="validateSauceLabsBackpackIsAvailable" finished-at="2024-07-17T23:29:42Z" duration-ms="56" status="PASS">
          <reporter-output>
          </reporter-output>
        </test-method> <!-- validateSauceLabsBackpackIsAvailable -->
        <test-method is-config="true" signature="tearDown()[pri:0, instance:com.sd.qa.testcases.ProductsPageTest@615091b8]" started-at="2024-07-17T23:29:42Z" name="tearDown" finished-at="2024-07-17T23:29:43Z" duration-ms="363" status="PASS">
          <reporter-output>
          </reporter-output>
        </test-method> <!-- tearDown -->
        <test-method is-config="true" signature="setUp()[pri:0, instance:com.sd.qa.testcases.ProductsPageTest@615091b8]" started-at="2024-07-17T23:29:43Z" name="setUp" finished-at="2024-07-17T23:29:46Z" duration-ms="3455" status="PASS">
          <reporter-output>
          </reporter-output>
        </test-method> <!-- setUp -->
        <test-method signature="addAnItemToShoppingCart()[pri:2, instance:com.sd.qa.testcases.ProductsPageTest@615091b8]" started-at="2024-07-17T23:29:46Z" name="addAnItemToShoppingCart" finished-at="2024-07-17T23:29:46Z" duration-ms="134" status="PASS">
          <reporter-output>
          </reporter-output>
        </test-method> <!-- addAnItemToShoppingCart -->
        <test-method is-config="true" signature="tearDown()[pri:0, instance:com.sd.qa.testcases.ProductsPageTest@615091b8]" started-at="2024-07-17T23:29:46Z" name="tearDown" finished-at="2024-07-17T23:29:47Z" duration-ms="360" status="PASS">
          <reporter-output>
          </reporter-output>
        </test-method> <!-- tearDown -->
        <test-method is-config="true" signature="setUp()[pri:0, instance:com.sd.qa.testcases.ProductsPageTest@615091b8]" started-at="2024-07-17T23:29:47Z" name="setUp" finished-at="2024-07-17T23:29:50Z" duration-ms="3275" status="PASS">
          <reporter-output>
          </reporter-output>
        </test-method> <!-- setUp -->
        <test-method signature="addMultipleItemsToShoppingCart()[pri:3, instance:com.sd.qa.testcases.ProductsPageTest@615091b8]" started-at="2024-07-17T23:29:50Z" name="addMultipleItemsToShoppingCart" finished-at="2024-07-17T23:29:51Z" duration-ms="630" status="PASS">
          <reporter-output>
          </reporter-output>
        </test-method> <!-- addMultipleItemsToShoppingCart -->
        <test-method is-config="true" signature="tearDown()[pri:0, instance:com.sd.qa.testcases.ProductsPageTest@615091b8]" started-at="2024-07-17T23:29:51Z" name="tearDown" finished-at="2024-07-17T23:29:51Z" duration-ms="358" status="PASS">
          <reporter-output>
          </reporter-output>
        </test-method> <!-- tearDown -->
        <test-method is-config="true" signature="setUp()[pri:0, instance:com.sd.qa.testcases.ProductsPageTest@615091b8]" started-at="2024-07-17T23:29:52Z" name="setUp" finished-at="2024-07-17T23:29:55Z" duration-ms="3356" status="PASS">
          <reporter-output>
          </reporter-output>
        </test-method> <!-- setUp -->
        <test-method signature="addToShoppingCartUsingDp_1(java.lang.String)[pri:4, instance:com.sd.qa.testcases.ProductsPageTest@615091b8]" started-at="2024-07-17T23:29:55Z" name="addToShoppingCartUsingDp_1" data-provider="getItemsDataFromExcel_1" finished-at="2024-07-17T23:29:55Z" duration-ms="142" status="PASS">
          <params>
            <param index="0">
              <value>
                <![CDATA[Sauce Labs Backpack]]>
              </value>
            </param>
          </params>
          <reporter-output>
          </reporter-output>
        </test-method> <!-- addToShoppingCartUsingDp_1 -->
        <test-method is-config="true" signature="tearDown()[pri:0, instance:com.sd.qa.testcases.ProductsPageTest@615091b8]" started-at="2024-07-17T23:29:55Z" name="tearDown" finished-at="2024-07-17T23:29:56Z" duration-ms="353" status="PASS">
          <reporter-output>
          </reporter-output>
        </test-method> <!-- tearDown -->
        <test-method is-config="true" signature="setUp()[pri:0, instance:com.sd.qa.testcases.ProductsPageTest@615091b8]" started-at="2024-07-17T23:29:56Z" name="setUp" finished-at="2024-07-17T23:29:59Z" duration-ms="3190" status="PASS">
          <reporter-output>
          </reporter-output>
        </test-method> <!-- setUp -->
        <test-method signature="addToShoppingCartUsingDp_1(java.lang.String)[pri:4, instance:com.sd.qa.testcases.ProductsPageTest@615091b8]" started-at="2024-07-17T23:29:59Z" name="addToShoppingCartUsingDp_1" data-provider="getItemsDataFromExcel_1" finished-at="2024-07-17T23:29:59Z" duration-ms="114" status="PASS">
          <params>
            <param index="0">
              <value>
                <![CDATA[Sauce Labs Bike Light]]>
              </value>
            </param>
          </params>
          <reporter-output>
          </reporter-output>
        </test-method> <!-- addToShoppingCartUsingDp_1 -->
        <test-method is-config="true" signature="tearDown()[pri:0, instance:com.sd.qa.testcases.ProductsPageTest@615091b8]" started-at="2024-07-17T23:29:59Z" name="tearDown" finished-at="2024-07-17T23:29:59Z" duration-ms="340" status="PASS">
          <reporter-output>
          </reporter-output>
        </test-method> <!-- tearDown -->
        <test-method is-config="true" signature="setUp()[pri:0, instance:com.sd.qa.testcases.ProductsPageTest@615091b8]" started-at="2024-07-17T23:29:59Z" name="setUp" finished-at="2024-07-17T23:30:02Z" duration-ms="2805" status="PASS">
          <reporter-output>
          </reporter-output>
        </test-method> <!-- setUp -->
        <test-method signature="addToShoppingCartUsingDp_1(java.lang.String)[pri:4, instance:com.sd.qa.testcases.ProductsPageTest@615091b8]" started-at="2024-07-17T23:30:02Z" name="addToShoppingCartUsingDp_1" data-provider="getItemsDataFromExcel_1" finished-at="2024-07-17T23:30:02Z" duration-ms="120" status="PASS">
          <params>
            <param index="0">
              <value>
                <![CDATA[Sauce Labs Bolt T-Shirt]]>
              </value>
            </param>
          </params>
          <reporter-output>
          </reporter-output>
        </test-method> <!-- addToShoppingCartUsingDp_1 -->
        <test-method is-config="true" signature="tearDown()[pri:0, instance:com.sd.qa.testcases.ProductsPageTest@615091b8]" started-at="2024-07-17T23:30:02Z" name="tearDown" finished-at="2024-07-17T23:30:02Z" duration-ms="290" status="PASS">
          <reporter-output>
          </reporter-output>
        </test-method> <!-- tearDown -->
        <test-method is-config="true" signature="setUp()[pri:0, instance:com.sd.qa.testcases.ProductsPageTest@615091b8]" started-at="2024-07-17T23:30:02Z" name="setUp" finished-at="2024-07-17T23:30:05Z" duration-ms="2943" status="PASS">
          <reporter-output>
          </reporter-output>
        </test-method> <!-- setUp -->
        <test-method signature="addToShoppingCartUsingDp_1(java.lang.String)[pri:4, instance:com.sd.qa.testcases.ProductsPageTest@615091b8]" started-at="2024-07-17T23:30:05Z" name="addToShoppingCartUsingDp_1" data-provider="getItemsDataFromExcel_1" finished-at="2024-07-17T23:30:06Z" duration-ms="112" status="PASS">
          <params>
            <param index="0">
              <value>
                <![CDATA[Sauce Labs Fleece Jacket]]>
              </value>
            </param>
          </params>
          <reporter-output>
          </reporter-output>
        </test-method> <!-- addToShoppingCartUsingDp_1 -->
        <test-method is-config="true" signature="tearDown()[pri:0, instance:com.sd.qa.testcases.ProductsPageTest@615091b8]" started-at="2024-07-17T23:30:06Z" name="tearDown" finished-at="2024-07-17T23:30:06Z" duration-ms="381" status="PASS">
          <reporter-output>
          </reporter-output>
        </test-method> <!-- tearDown -->
        <test-method is-config="true" signature="setUp()[pri:0, instance:com.sd.qa.testcases.ProductsPageTest@615091b8]" started-at="2024-07-17T23:30:06Z" name="setUp" finished-at="2024-07-17T23:30:09Z" duration-ms="3149" status="PASS">
          <reporter-output>
          </reporter-output>
        </test-method> <!-- setUp -->
        <test-method signature="addToShoppingCartUsingDp_1(java.lang.String)[pri:4, instance:com.sd.qa.testcases.ProductsPageTest@615091b8]" started-at="2024-07-17T23:30:09Z" name="addToShoppingCartUsingDp_1" data-provider="getItemsDataFromExcel_1" finished-at="2024-07-17T23:30:09Z" duration-ms="124" status="PASS">
          <params>
            <param index="0">
              <value>
                <![CDATA[Sauce Labs Onesie]]>
              </value>
            </param>
          </params>
          <reporter-output>
          </reporter-output>
        </test-method> <!-- addToShoppingCartUsingDp_1 -->
        <test-method is-config="true" signature="tearDown()[pri:0, instance:com.sd.qa.testcases.ProductsPageTest@615091b8]" started-at="2024-07-17T23:30:09Z" name="tearDown" finished-at="2024-07-17T23:30:09Z" duration-ms="289" status="PASS">
          <reporter-output>
          </reporter-output>
        </test-method> <!-- tearDown -->
        <test-method is-config="true" signature="setUp()[pri:0, instance:com.sd.qa.testcases.ProductsPageTest@615091b8]" started-at="2024-07-17T23:30:09Z" name="setUp" finished-at="2024-07-17T23:30:13Z" duration-ms="3067" status="PASS">
          <reporter-output>
          </reporter-output>
        </test-method> <!-- setUp -->
        <test-method signature="addToShoppingCartUsingDp_1(java.lang.String)[pri:4, instance:com.sd.qa.testcases.ProductsPageTest@615091b8]" started-at="2024-07-17T23:30:13Z" name="addToShoppingCartUsingDp_1" data-provider="getItemsDataFromExcel_1" finished-at="2024-07-17T23:30:13Z" duration-ms="114" status="PASS">
          <params>
            <param index="0">
              <value>
                <![CDATA[Test.allTheThings() T-Shirt (Red)]]>
              </value>
            </param>
          </params>
          <reporter-output>
          </reporter-output>
        </test-method> <!-- addToShoppingCartUsingDp_1 -->
        <test-method is-config="true" signature="tearDown()[pri:0, instance:com.sd.qa.testcases.ProductsPageTest@615091b8]" started-at="2024-07-17T23:30:13Z" name="tearDown" finished-at="2024-07-17T23:30:13Z" duration-ms="262" status="PASS">
          <reporter-output>
          </reporter-output>
        </test-method> <!-- tearDown -->
        <test-method is-config="true" signature="setUp()[pri:0, instance:com.sd.qa.testcases.ProductsPageTest@615091b8]" started-at="2024-07-17T23:30:13Z" name="setUp" finished-at="2024-07-17T23:30:16Z" duration-ms="2969" status="PASS">
          <reporter-output>
          </reporter-output>
        </test-method> <!-- setUp -->
        <test-method signature="addToShoppingCartUsingDp_2(java.lang.String, java.lang.String, java.lang.String, java.lang.String, java.lang.String, java.lang.String)[pri:5, instance:com.sd.qa.testcases.ProductsPageTest@615091b8]" started-at="2024-07-17T23:30:16Z" name="addToShoppingCartUsingDp_2" data-provider="getItemsDataFromExcel_2" finished-at="2024-07-17T23:30:16Z" duration-ms="570" status="PASS">
          <params>
            <param index="0">
              <value>
                <![CDATA[Sauce Labs Backpack]]>
              </value>
            </param>
            <param index="1">
              <value>
                <![CDATA[Sauce Labs Bike Light]]>
              </value>
            </param>
            <param index="2">
              <value>
                <![CDATA[Sauce Labs Bolt T-Shirt]]>
              </value>
            </param>
            <param index="3">
              <value>
                <![CDATA[Sauce Labs Fleece Jacket]]>
              </value>
            </param>
            <param index="4">
              <value>
                <![CDATA[Sauce Labs Onesie]]>
              </value>
            </param>
            <param index="5">
              <value>
                <![CDATA[Test.allTheThings() T-Shirt (Red)]]>
              </value>
            </param>
          </params>
          <reporter-output>
          </reporter-output>
        </test-method> <!-- addToShoppingCartUsingDp_2 -->
        <test-method is-config="true" signature="tearDown()[pri:0, instance:com.sd.qa.testcases.ProductsPageTest@615091b8]" started-at="2024-07-17T23:30:16Z" name="tearDown" finished-at="2024-07-17T23:30:17Z" duration-ms="293" status="PASS">
          <reporter-output>
          </reporter-output>
        </test-method> <!-- tearDown -->
        <test-method is-config="true" signature="setUp()[pri:0, instance:com.sd.qa.testcases.ProductsPageTest@615091b8]" started-at="2024-07-17T23:30:17Z" name="setUp" finished-at="2024-07-17T23:30:20Z" duration-ms="3120" status="PASS">
          <reporter-output>
          </reporter-output>
        </test-method> <!-- setUp -->
        <test-method signature="addToShoppingCartUsingDp_2(java.lang.String, java.lang.String, java.lang.String, java.lang.String, java.lang.String, java.lang.String)[pri:5, instance:com.sd.qa.testcases.ProductsPageTest@615091b8]" started-at="2024-07-17T23:30:20Z" name="addToShoppingCartUsingDp_2" data-provider="getItemsDataFromExcel_2" finished-at="2024-07-17T23:30:20Z" duration-ms="523" status="PASS">
          <params>
            <param index="0">
              <value>
                <![CDATA[Sauce Labs Backpack]]>
              </value>
            </param>
            <param index="1">
              <value>
                <![CDATA[Sauce Labs Bike Light]]>
              </value>
            </param>
            <param index="2">
              <value>
                <![CDATA[Sauce Labs Bolt T-Shirt]]>
              </value>
            </param>
            <param index="3">
              <value>
                <![CDATA[Sauce Labs Fleece Jacket]]>
              </value>
            </param>
            <param index="4">
              <value>
                <![CDATA[Sauce Labs Onesie]]>
              </value>
            </param>
            <param index="5">
              <value>
                <![CDATA[Test.allTheThings() T-Shirt (Red)]]>
              </value>
            </param>
          </params>
          <reporter-output>
          </reporter-output>
        </test-method> <!-- addToShoppingCartUsingDp_2 -->
        <test-method is-config="true" signature="tearDown()[pri:0, instance:com.sd.qa.testcases.ProductsPageTest@615091b8]" started-at="2024-07-17T23:30:20Z" name="tearDown" finished-at="2024-07-17T23:30:21Z" duration-ms="290" status="PASS">
          <reporter-output>
          </reporter-output>
        </test-method> <!-- tearDown -->
        <test-method is-config="true" signature="setUp()[pri:0, instance:com.sd.qa.testcases.ProductsPageTest@615091b8]" started-at="2024-07-17T23:30:21Z" name="setUp" finished-at="2024-07-17T23:30:24Z" duration-ms="2911" status="PASS">
          <reporter-output>
          </reporter-output>
        </test-method> <!-- setUp -->
        <test-method signature="applySorting()[pri:6, instance:com.sd.qa.testcases.ProductsPageTest@615091b8]" started-at="2024-07-17T23:30:24Z" name="applySorting" finished-at="2024-07-17T23:30:24Z" duration-ms="266" status="PASS">
          <reporter-output>
          </reporter-output>
        </test-method> <!-- applySorting -->
        <test-method is-config="true" signature="tearDown()[pri:0, instance:com.sd.qa.testcases.ProductsPageTest@615091b8]" started-at="2024-07-17T23:30:24Z" name="tearDown" finished-at="2024-07-17T23:30:24Z" duration-ms="328" status="PASS">
          <reporter-output>
          </reporter-output>
        </test-method> <!-- tearDown -->
      </class> <!-- com.sd.qa.testcases.ProductsPageTest -->
      <class name="com.sd.qa.testcases.LoginPageTest">
        <test-method is-config="true" signature="setUp()[pri:0, instance:com.sd.qa.testcases.LoginPageTest@71cf1b07]" started-at="2024-07-17T23:29:34Z" name="setUp" finished-at="2024-07-17T23:29:38Z" duration-ms="4023" status="PASS">
          <reporter-output>
          </reporter-output>
        </test-method> <!-- setUp -->
        <test-method signature="loginTest()[pri:1, instance:com.sd.qa.testcases.LoginPageTest@71cf1b07]" started-at="2024-07-17T23:29:38Z" name="loginTest" finished-at="2024-07-17T23:29:39Z" duration-ms="441" status="PASS">
          <reporter-output>
          </reporter-output>
        </test-method> <!-- loginTest -->
        <test-method is-config="true" signature="tearDown()[pri:0, instance:com.sd.qa.testcases.LoginPageTest@71cf1b07]" started-at="2024-07-17T23:29:39Z" name="tearDown" finished-at="2024-07-17T23:29:39Z" duration-ms="391" status="PASS">
          <reporter-output>
          </reporter-output>
        </test-method> <!-- tearDown -->
      </class> <!-- com.sd.qa.testcases.LoginPageTest -->
    </test> <!-- Surefire test -->
  </suite> <!-- Surefire suite -->
</testng-results>
