<?xml version="1.0" encoding="UTF-8"?>
<testsuite xmlns:xsi="http://www.w3.org/2001/XMLSchema-instance" xsi:noNamespaceSchemaLocation="https://maven.apache.org/surefire/maven-surefire-plugin/xsd/surefire-test-report.xsd" name="TestSuite" time="51.118" tests="13" errors="0" skipped="0" failures="0">
  <properties>
[...]
</properties>
  <testcase name="loginTest" classname="com.sd.qa.testcases.LoginPageTest" time="0.438"/>
  <testcase name="validateSauceLabsBackpackIsAvailable" classname="com.sd.qa.testcases.ProductsPageTest" time="0.055"/>
  <testcase name="addAnItemToShoppingCart" classname="com.sd.qa.testcases.ProductsPageTest" time="0.134"/>
  <testcase name="addMultipleItemsToShoppingCart" classname="com.sd.qa.testcases.ProductsPageTest" time="0.629"/>
  <testcase name="addToShoppingCartUsingDp_1" classname="com.sd.qa.testcases.ProductsPageTest" time="0.142"/>
  <testcase name="addToShoppingCartUsingDp_1" classname="com.sd.qa.testcases.ProductsPageTest" time="0.113"/>
  <testcase name="addToShoppingCartUsingDp_1" classname="com.sd.qa.testcases.ProductsPageTest" time="0.123"/>
  <testcase name="addToShoppingCartUsingDp_1" classname="com.sd.qa.testcases.ProductsPageTest" time="0.112"/>
  <testcase name="addToShoppingCartUsingDp_1" classname="com.sd.qa.testcases.ProductsPageTest" time="0.123"/>
  <testcase name="addToShoppingCartUsingDp_1" classname="com.sd.qa.testcases.ProductsPageTest" time="0.114"/>
  <testcase name="addToShoppingCartUsingDp_2" classname="com.sd.qa.testcases.ProductsPageTest" time="0.57"/>
  <testcase name="addToShoppingCartUsingDp_2" classname="com.sd.qa.testcases.ProductsPageTest" time="0.523"/>
  <testcase name="applySorting" classname="com.sd.qa.testcases.ProductsPageTest" time="0.266"/>
</testsuite>