<?xml version="1.0" encoding="UTF-8"?>
<testng-results ignored="0" total="1" passed="1" failed="0" skipped="0">
  <reporter-output>
  </reporter-output>
  <suite started-at="2024-07-25T11:59:50Z" name="Default suite" finished-at="2024-07-25T11:59:56Z" duration-ms="6623">
    <groups>
    </groups>
    <test started-at="2024-07-25T11:59:50Z" name="Default test" finished-at="2024-07-25T11:59:56Z" duration-ms="6623">
      <class name="com.sd.qa.testcases.LoginPageTest">
        <test-method is-config="true" signature="setUp()[pri:0, instance:com.sd.qa.testcases.LoginPageTest@43b9fd5]" started-at="2024-07-25T17:29:50Z" name="setUp" finished-at="2024-07-25T17:29:55Z" duration-ms="5393" status="PASS">
          <reporter-output>
          </reporter-output>
        </test-method> <!-- setUp -->
        <test-method signature="loginTest()[pri:1, instance:com.sd.qa.testcases.LoginPageTest@43b9fd5]" started-at="2024-07-25T17:29:55Z" name="loginTest" finished-at="2024-07-25T17:29:56Z" duration-ms="271" status="PASS">
          <reporter-output>
          </reporter-output>
        </test-method> <!-- loginTest -->
        <test-method is-config="true" signature="tearDown()[pri:0, instance:com.sd.qa.testcases.LoginPageTest@43b9fd5]" started-at="2024-07-25T17:29:56Z" name="tearDown" finished-at="2024-07-25T17:29:56Z" duration-ms="947" status="PASS">
          <reporter-output>
          </reporter-output>
        </test-method> <!-- tearDown -->
      </class> <!-- com.sd.qa.testcases.LoginPageTest -->
    </test> <!-- Default test -->
  </suite> <!-- Default suite -->
</testng-results>
