<?xml version="1.0" encoding="UTF-8"?>
<testng-results ignored="0" total="1" passed="1" failed="0" skipped="0">
  <reporter-output>
  </reporter-output>
  <suite started-at="2024-08-07T18:07:43Z" name="Default suite" finished-at="2024-08-07T18:07:54Z" duration-ms="11483">
    <groups>
    </groups>
    <test started-at="2024-08-07T18:07:43Z" name="Default test" finished-at="2024-08-07T18:07:54Z" duration-ms="11483">
      <class name="com.sd.qa.testcases.LoginPageTest2">
        <test-method is-config="true" signature="setUp()[pri:0, instance:com.sd.qa.testcases.LoginPageTest2@5454d35e]" started-at="2024-08-07T23:37:43Z" name="setUp" finished-at="2024-08-07T23:37:52Z" duration-ms="9321" status="PASS">
          <reporter-output>
          </reporter-output>
        </test-method> <!-- setUp -->
        <test-method signature="loginTest()[pri:1, instance:com.sd.qa.testcases.LoginPageTest2@5454d35e]" started-at="2024-08-07T23:37:52Z" name="loginTest" finished-at="2024-08-07T23:37:53Z" duration-ms="534" status="PASS">
          <reporter-output>
          </reporter-output>
        </test-method> <!-- loginTest -->
        <test-method is-config="true" signature="tearDown()[pri:0, instance:com.sd.qa.testcases.LoginPageTest2@5454d35e]" started-at="2024-08-07T23:37:53Z" name="tearDown" finished-at="2024-08-07T23:37:54Z" duration-ms="1611" status="PASS">
          <reporter-output>
          </reporter-output>
        </test-method> <!-- tearDown -->
      </class> <!-- com.sd.qa.testcases.LoginPageTest2 -->
    </test> <!-- Default test -->
  </suite> <!-- Default suite -->
</testng-results>
